<?xml version="1.0" encoding="UTF-8"?>
<!-- Generated by org.testng.reporters.JUnitReportReporter -->
<testsuite skipped="0" hostname="LAPTOP-RVI76CRO" name="keyboardEvents.ActionClass" tests="1" failures="0" timestamp="2022-11-18T13:37:02 CST" time="1.854" errors="0">
  <testcase name="loginTest" time="1.854" classname="keyboardEvents.ActionClass"/>
  <system-out/>
</testsuite> <!-- keyboardEvents.ActionClass -->
