<?xml version="1.0" encoding="UTF-8"?>
<!-- Generated by org.testng.reporters.JUnitReportReporter -->
<testsuite skipped="0" hostname="LAPTOP-RVI76CRO" name="test.LoginTest" tests="1" failures="0" timestamp="18 Nov 2022 09:40:11 GMT" time="6.822" errors="0">
  <testcase name="loginTest" time="6.822" classname="test.LoginTest"/>
</testsuite> <!-- test.LoginTest -->
